The system is: Darwin - 13.4.0 - x86_64
Compiling the C compiler identification source file "CMakeCCompilerId.c" succeeded.
Compiler: /usr/local/Cellar/gcc48/4.8.2/bin/gcc 
Build flags: 
Id flags: 

The output was:
0


Compilation of the C compiler identification source "CMakeCCompilerId.c" produced "a.out"

The C compiler identification is GNU, found in "/Users/m/src/vtk_qt5_osxhelper_build/CMakeFiles/3.3.0/CompilerIdC/a.out"

Compiling the CXX compiler identification source file "CMakeCXXCompilerId.cpp" succeeded.
Compiler: /usr/local/Cellar/gcc48/4.8.2/bin/g++ 
Build flags: 
Id flags: 

The output was:
0


Compilation of the CXX compiler identification source "CMakeCXXCompilerId.cpp" produced "a.out"

The CXX compiler identification is GNU, found in "/Users/m/src/vtk_qt5_osxhelper_build/CMakeFiles/3.3.0/CompilerIdCXX/a.out"

Determining if the C compiler works passed with the following output:
Change Dir: /Users/m/src/vtk_qt5_osxhelper_build/CMakeFiles/CMakeTmp

Run Build Command:"/usr/bin/make" "cmTC_bb17a/fast"
/Applications/Xcode.app/Contents/Developer/usr/bin/make -f CMakeFiles/cmTC_bb17a.dir/build.make CMakeFiles/cmTC_bb17a.dir/build
Building C object CMakeFiles/cmTC_bb17a.dir/testCCompiler.c.o
/usr/local/Cellar/gcc48/4.8.2/bin/gcc    -o CMakeFiles/cmTC_bb17a.dir/testCCompiler.c.o   -c /Users/m/src/vtk_qt5_osxhelper_build/CMakeFiles/CMakeTmp/testCCompiler.c
Linking C executable cmTC_bb17a
/Applications/CMake.app/Contents/bin/cmake -E cmake_link_script CMakeFiles/cmTC_bb17a.dir/link.txt --verbose=1
/usr/local/Cellar/gcc48/4.8.2/bin/gcc    -Wl,-search_paths_first -Wl,-headerpad_max_install_names   CMakeFiles/cmTC_bb17a.dir/testCCompiler.c.o  -o cmTC_bb17a  


Detecting C compiler ABI info compiled with the following output:
Change Dir: /Users/m/src/vtk_qt5_osxhelper_build/CMakeFiles/CMakeTmp

Run Build Command:"/usr/bin/make" "cmTC_be0b2/fast"
/Applications/Xcode.app/Contents/Developer/usr/bin/make -f CMakeFiles/cmTC_be0b2.dir/build.make CMakeFiles/cmTC_be0b2.dir/build
Building C object CMakeFiles/cmTC_be0b2.dir/CMakeCCompilerABI.c.o
/usr/local/Cellar/gcc48/4.8.2/bin/gcc    -o CMakeFiles/cmTC_be0b2.dir/CMakeCCompilerABI.c.o   -c /Applications/CMake.app/Contents/share/cmake-3.3/Modules/CMakeCCompilerABI.c
Linking C executable cmTC_be0b2
/Applications/CMake.app/Contents/bin/cmake -E cmake_link_script CMakeFiles/cmTC_be0b2.dir/link.txt --verbose=1
/usr/local/Cellar/gcc48/4.8.2/bin/gcc    -Wl,-search_paths_first -Wl,-headerpad_max_install_names  -v -Wl,-v CMakeFiles/cmTC_be0b2.dir/CMakeCCompilerABI.c.o  -o cmTC_be0b2   
Using built-in specs.
COLLECT_GCC=/usr/local/Cellar/gcc48/4.8.2/bin/gcc
COLLECT_LTO_WRAPPER=/usr/local/Cellar/gcc48/4.8.2/libexec/gcc/x86_64-apple-darwin13.0.2/4.8.2/lto-wrapper
Target: x86_64-apple-darwin13.0.2
Configured with: ../configure --build=x86_64-apple-darwin13.0.2 --prefix=/usr/local/Cellar/gcc48/4.8.2 --enable-languages=c,c++,objc,obj-c++ --program-suffix=-4.8 --with-gmp=/usr/local/opt/gmp4 --with-mpfr=/usr/local/opt/mpfr2 --with-mpc=/usr/local/opt/libmpc08 --with-cloog=/usr/local/opt/cloog018 --with-isl=/usr/local/opt/isl011 --with-system-zlib --enable-version-specific-runtime-libs --enable-libstdcxx-time=yes --enable-stage1-checking --enable-checking=release --enable-lto --disable-werror --enable-plugin --disable-nls --disable-multilib
Thread model: posix
gcc version 4.8.2 (GCC) 
COMPILER_PATH=/usr/local/Cellar/gcc48/4.8.2/libexec/gcc/x86_64-apple-darwin13.0.2/4.8.2/:/usr/local/Cellar/gcc48/4.8.2/libexec/gcc/x86_64-apple-darwin13.0.2/4.8.2/:/usr/local/Cellar/gcc48/4.8.2/libexec/gcc/x86_64-apple-darwin13.0.2/:/usr/local/Cellar/gcc48/4.8.2/lib/gcc/x86_64-apple-darwin13.0.2/4.8.2/:/usr/local/Cellar/gcc48/4.8.2/lib/gcc/x86_64-apple-darwin13.0.2/
LIBRARY_PATH=/usr/local/Cellar/gcc48/4.8.2/lib/gcc/x86_64-apple-darwin13.0.2/4.8.2/:/usr/local/Cellar/gcc48/4.8.2/lib/gcc/x86_64-apple-darwin13.0.2/4.8.2/../../../:/usr/lib/
COLLECT_GCC_OPTIONS='-mmacosx-version-min=10.9.4' '-v' '-o' 'cmTC_be0b2' '-mtune=core2'
 /usr/local/Cellar/gcc48/4.8.2/libexec/gcc/x86_64-apple-darwin13.0.2/4.8.2/collect2 -dynamic -arch x86_64 -macosx_version_min 10.9.4 -weak_reference_mismatches non-weak -o cmTC_be0b2 -L/usr/local/Cellar/gcc48/4.8.2/lib/gcc/x86_64-apple-darwin13.0.2/4.8.2 -L/usr/local/Cellar/gcc48/4.8.2/lib/gcc/x86_64-apple-darwin13.0.2/4.8.2/../../.. -search_paths_first -headerpad_max_install_names -v CMakeFiles/cmTC_be0b2.dir/CMakeCCompilerABI.c.o -no_compact_unwind -lSystem -lgcc_ext.10.5 -lgcc -lSystem -v
collect2 version 4.8.2
/usr/bin/ld -dynamic -arch x86_64 -macosx_version_min 10.9.4 -weak_reference_mismatches non-weak -o cmTC_be0b2 -L/usr/local/Cellar/gcc48/4.8.2/lib/gcc/x86_64-apple-darwin13.0.2/4.8.2 -L/usr/local/Cellar/gcc48/4.8.2/lib/gcc/x86_64-apple-darwin13.0.2/4.8.2/../../.. -search_paths_first -headerpad_max_install_names -v CMakeFiles/cmTC_be0b2.dir/CMakeCCompilerABI.c.o -no_compact_unwind -lSystem -lgcc_ext.10.5 -lgcc -lSystem -v
@(#)PROGRAM:ld  PROJECT:ld64-241.9
configured to support archs: armv6 armv7 armv7s arm64 i386 x86_64 x86_64h armv6m armv7m armv7em
@(#)PROGRAM:ld  PROJECT:ld64-241.9
configured to support archs: armv6 armv7 armv7s arm64 i386 x86_64 x86_64h armv6m armv7m armv7em
Library search paths:
	/usr/local/Cellar/gcc48/4.8.2/lib/gcc/x86_64-apple-darwin13.0.2/4.8.2
	/usr/local/Cellar/gcc48/4.8.2/lib
	/usr/lib
	/usr/local/lib
Framework search paths:
	/Library/Frameworks/
	/System/Library/Frameworks/


Parsed C implicit link information from above output:
  link line regex: [^( *|.*[/\])(ld|([^/\]+-)?ld|collect2)[^/\]*( |$)]
  ignore line: [Change Dir: /Users/m/src/vtk_qt5_osxhelper_build/CMakeFiles/CMakeTmp]
  ignore line: []
  ignore line: [Run Build Command:"/usr/bin/make" "cmTC_be0b2/fast"]
  ignore line: [/Applications/Xcode.app/Contents/Developer/usr/bin/make -f CMakeFiles/cmTC_be0b2.dir/build.make CMakeFiles/cmTC_be0b2.dir/build]
  ignore line: [Building C object CMakeFiles/cmTC_be0b2.dir/CMakeCCompilerABI.c.o]
  ignore line: [/usr/local/Cellar/gcc48/4.8.2/bin/gcc    -o CMakeFiles/cmTC_be0b2.dir/CMakeCCompilerABI.c.o   -c /Applications/CMake.app/Contents/share/cmake-3.3/Modules/CMakeCCompilerABI.c]
  ignore line: [Linking C executable cmTC_be0b2]
  ignore line: [/Applications/CMake.app/Contents/bin/cmake -E cmake_link_script CMakeFiles/cmTC_be0b2.dir/link.txt --verbose=1]
  ignore line: [/usr/local/Cellar/gcc48/4.8.2/bin/gcc    -Wl,-search_paths_first -Wl,-headerpad_max_install_names  -v -Wl,-v CMakeFiles/cmTC_be0b2.dir/CMakeCCompilerABI.c.o  -o cmTC_be0b2   ]
  ignore line: [Using built-in specs.]
  ignore line: [COLLECT_GCC=/usr/local/Cellar/gcc48/4.8.2/bin/gcc]
  ignore line: [COLLECT_LTO_WRAPPER=/usr/local/Cellar/gcc48/4.8.2/libexec/gcc/x86_64-apple-darwin13.0.2/4.8.2/lto-wrapper]
  ignore line: [Target: x86_64-apple-darwin13.0.2]
  ignore line: [Configured with: ../configure --build=x86_64-apple-darwin13.0.2 --prefix=/usr/local/Cellar/gcc48/4.8.2 --enable-languages=c,c++,objc,obj-c++ --program-suffix=-4.8 --with-gmp=/usr/local/opt/gmp4 --with-mpfr=/usr/local/opt/mpfr2 --with-mpc=/usr/local/opt/libmpc08 --with-cloog=/usr/local/opt/cloog018 --with-isl=/usr/local/opt/isl011 --with-system-zlib --enable-version-specific-runtime-libs --enable-libstdcxx-time=yes --enable-stage1-checking --enable-checking=release --enable-lto --disable-werror --enable-plugin --disable-nls --disable-multilib]
  ignore line: [Thread model: posix]
  ignore line: [gcc version 4.8.2 (GCC) ]
  ignore line: [COMPILER_PATH=/usr/local/Cellar/gcc48/4.8.2/libexec/gcc/x86_64-apple-darwin13.0.2/4.8.2/:/usr/local/Cellar/gcc48/4.8.2/libexec/gcc/x86_64-apple-darwin13.0.2/4.8.2/:/usr/local/Cellar/gcc48/4.8.2/libexec/gcc/x86_64-apple-darwin13.0.2/:/usr/local/Cellar/gcc48/4.8.2/lib/gcc/x86_64-apple-darwin13.0.2/4.8.2/:/usr/local/Cellar/gcc48/4.8.2/lib/gcc/x86_64-apple-darwin13.0.2/]
  ignore line: [LIBRARY_PATH=/usr/local/Cellar/gcc48/4.8.2/lib/gcc/x86_64-apple-darwin13.0.2/4.8.2/:/usr/local/Cellar/gcc48/4.8.2/lib/gcc/x86_64-apple-darwin13.0.2/4.8.2/../../../:/usr/lib/]
  ignore line: [COLLECT_GCC_OPTIONS='-mmacosx-version-min=10.9.4' '-v' '-o' 'cmTC_be0b2' '-mtune=core2']
  link line: [ /usr/local/Cellar/gcc48/4.8.2/libexec/gcc/x86_64-apple-darwin13.0.2/4.8.2/collect2 -dynamic -arch x86_64 -macosx_version_min 10.9.4 -weak_reference_mismatches non-weak -o cmTC_be0b2 -L/usr/local/Cellar/gcc48/4.8.2/lib/gcc/x86_64-apple-darwin13.0.2/4.8.2 -L/usr/local/Cellar/gcc48/4.8.2/lib/gcc/x86_64-apple-darwin13.0.2/4.8.2/../../.. -search_paths_first -headerpad_max_install_names -v CMakeFiles/cmTC_be0b2.dir/CMakeCCompilerABI.c.o -no_compact_unwind -lSystem -lgcc_ext.10.5 -lgcc -lSystem -v]
    arg [/usr/local/Cellar/gcc48/4.8.2/libexec/gcc/x86_64-apple-darwin13.0.2/4.8.2/collect2] ==> ignore
    arg [-dynamic] ==> ignore
    arg [-arch] ==> ignore
    arg [x86_64] ==> ignore
    arg [-macosx_version_min] ==> ignore
    arg [10.9.4] ==> ignore
    arg [-weak_reference_mismatches] ==> ignore
    arg [non-weak] ==> ignore
    arg [-o] ==> ignore
    arg [cmTC_be0b2] ==> ignore
    arg [-L/usr/local/Cellar/gcc48/4.8.2/lib/gcc/x86_64-apple-darwin13.0.2/4.8.2] ==> dir [/usr/local/Cellar/gcc48/4.8.2/lib/gcc/x86_64-apple-darwin13.0.2/4.8.2]
    arg [-L/usr/local/Cellar/gcc48/4.8.2/lib/gcc/x86_64-apple-darwin13.0.2/4.8.2/../../..] ==> dir [/usr/local/Cellar/gcc48/4.8.2/lib/gcc/x86_64-apple-darwin13.0.2/4.8.2/../../..]
    arg [-search_paths_first] ==> ignore
    arg [-headerpad_max_install_names] ==> ignore
    arg [-v] ==> ignore
    arg [CMakeFiles/cmTC_be0b2.dir/CMakeCCompilerABI.c.o] ==> ignore
    arg [-no_compact_unwind] ==> ignore
    arg [-lSystem] ==> lib [System]
    arg [-lgcc_ext.10.5] ==> lib [gcc_ext.10.5]
    arg [-lgcc] ==> lib [gcc]
    arg [-lSystem] ==> lib [System]
    arg [-v] ==> ignore
  Library search paths: [;/usr/local/Cellar/gcc48/4.8.2/lib/gcc/x86_64-apple-darwin13.0.2/4.8.2;/usr/local/Cellar/gcc48/4.8.2/lib;/usr/lib;/usr/local/lib]
  Framework search paths: [;/Library/Frameworks/;/System/Library/Frameworks/]
  remove lib [System]
  remove lib [gcc_ext.10.5]
  remove lib [gcc]
  remove lib [System]
  collapse library dir [/usr/local/Cellar/gcc48/4.8.2/lib/gcc/x86_64-apple-darwin13.0.2/4.8.2] ==> [/usr/local/Cellar/gcc48/4.8.2/lib/gcc/x86_64-apple-darwin13.0.2/4.8.2]
  collapse library dir [/usr/local/Cellar/gcc48/4.8.2/lib/gcc/x86_64-apple-darwin13.0.2/4.8.2/../../..] ==> [/usr/local/Cellar/gcc48/4.8.2/lib]
  collapse library dir [/usr/local/Cellar/gcc48/4.8.2/lib/gcc/x86_64-apple-darwin13.0.2/4.8.2] ==> [/usr/local/Cellar/gcc48/4.8.2/lib/gcc/x86_64-apple-darwin13.0.2/4.8.2]
  collapse library dir [/usr/local/Cellar/gcc48/4.8.2/lib] ==> [/usr/local/Cellar/gcc48/4.8.2/lib]
  collapse library dir [/usr/lib] ==> [/usr/lib]
  collapse library dir [/usr/local/lib] ==> [/usr/local/lib]
  collapse framework dir [/Library/Frameworks/] ==> [/Library/Frameworks]
  collapse framework dir [/System/Library/Frameworks/] ==> [/System/Library/Frameworks]
  implicit libs: []
  implicit dirs: [/usr/local/Cellar/gcc48/4.8.2/lib/gcc/x86_64-apple-darwin13.0.2/4.8.2;/usr/local/Cellar/gcc48/4.8.2/lib;/usr/lib;/usr/local/lib]
  implicit fwks: [/Library/Frameworks;/System/Library/Frameworks]




Detecting C [-std=c11] compiler features compiled with the following output:
Change Dir: /Users/m/src/vtk_qt5_osxhelper_build/CMakeFiles/CMakeTmp

Run Build Command:"/usr/bin/make" "cmTC_72acc/fast"
/Applications/Xcode.app/Contents/Developer/usr/bin/make -f CMakeFiles/cmTC_72acc.dir/build.make CMakeFiles/cmTC_72acc.dir/build
Building C object CMakeFiles/cmTC_72acc.dir/feature_tests.c.o
/usr/local/Cellar/gcc48/4.8.2/bin/gcc   -std=c11 -o CMakeFiles/cmTC_72acc.dir/feature_tests.c.o   -c /Users/m/src/vtk_qt5_osxhelper_build/CMakeFiles/feature_tests.c
Linking C executable cmTC_72acc
/Applications/CMake.app/Contents/bin/cmake -E cmake_link_script CMakeFiles/cmTC_72acc.dir/link.txt --verbose=1
/usr/local/Cellar/gcc48/4.8.2/bin/gcc    -Wl,-search_paths_first -Wl,-headerpad_max_install_names   CMakeFiles/cmTC_72acc.dir/feature_tests.c.o  -o cmTC_72acc  


    Feature record: C_FEATURE:1c_function_prototypes
    Feature record: C_FEATURE:1c_restrict
    Feature record: C_FEATURE:1c_static_assert
    Feature record: C_FEATURE:1c_variadic_macros


Detecting C [-std=c99] compiler features compiled with the following output:
Change Dir: /Users/m/src/vtk_qt5_osxhelper_build/CMakeFiles/CMakeTmp

Run Build Command:"/usr/bin/make" "cmTC_88cdc/fast"
/Applications/Xcode.app/Contents/Developer/usr/bin/make -f CMakeFiles/cmTC_88cdc.dir/build.make CMakeFiles/cmTC_88cdc.dir/build
Building C object CMakeFiles/cmTC_88cdc.dir/feature_tests.c.o
/usr/local/Cellar/gcc48/4.8.2/bin/gcc   -std=c99 -o CMakeFiles/cmTC_88cdc.dir/feature_tests.c.o   -c /Users/m/src/vtk_qt5_osxhelper_build/CMakeFiles/feature_tests.c
Linking C executable cmTC_88cdc
/Applications/CMake.app/Contents/bin/cmake -E cmake_link_script CMakeFiles/cmTC_88cdc.dir/link.txt --verbose=1
/usr/local/Cellar/gcc48/4.8.2/bin/gcc    -Wl,-search_paths_first -Wl,-headerpad_max_install_names   CMakeFiles/cmTC_88cdc.dir/feature_tests.c.o  -o cmTC_88cdc  


    Feature record: C_FEATURE:1c_function_prototypes
    Feature record: C_FEATURE:1c_restrict
    Feature record: C_FEATURE:0c_static_assert
    Feature record: C_FEATURE:1c_variadic_macros


Detecting C [-std=c90] compiler features compiled with the following output:
Change Dir: /Users/m/src/vtk_qt5_osxhelper_build/CMakeFiles/CMakeTmp

Run Build Command:"/usr/bin/make" "cmTC_cda8f/fast"
/Applications/Xcode.app/Contents/Developer/usr/bin/make -f CMakeFiles/cmTC_cda8f.dir/build.make CMakeFiles/cmTC_cda8f.dir/build
Building C object CMakeFiles/cmTC_cda8f.dir/feature_tests.c.o
/usr/local/Cellar/gcc48/4.8.2/bin/gcc   -std=c90 -o CMakeFiles/cmTC_cda8f.dir/feature_tests.c.o   -c /Users/m/src/vtk_qt5_osxhelper_build/CMakeFiles/feature_tests.c
Linking C executable cmTC_cda8f
/Applications/CMake.app/Contents/bin/cmake -E cmake_link_script CMakeFiles/cmTC_cda8f.dir/link.txt --verbose=1
/usr/local/Cellar/gcc48/4.8.2/bin/gcc    -Wl,-search_paths_first -Wl,-headerpad_max_install_names   CMakeFiles/cmTC_cda8f.dir/feature_tests.c.o  -o cmTC_cda8f  


    Feature record: C_FEATURE:1c_function_prototypes
    Feature record: C_FEATURE:0c_restrict
    Feature record: C_FEATURE:0c_static_assert
    Feature record: C_FEATURE:0c_variadic_macros
Determining if the CXX compiler works passed with the following output:
Change Dir: /Users/m/src/vtk_qt5_osxhelper_build/CMakeFiles/CMakeTmp

Run Build Command:"/usr/bin/make" "cmTC_17b72/fast"
/Applications/Xcode.app/Contents/Developer/usr/bin/make -f CMakeFiles/cmTC_17b72.dir/build.make CMakeFiles/cmTC_17b72.dir/build
Building CXX object CMakeFiles/cmTC_17b72.dir/testCXXCompiler.cxx.o
/usr/local/Cellar/gcc48/4.8.2/bin/g++     -o CMakeFiles/cmTC_17b72.dir/testCXXCompiler.cxx.o -c /Users/m/src/vtk_qt5_osxhelper_build/CMakeFiles/CMakeTmp/testCXXCompiler.cxx
Linking CXX executable cmTC_17b72
/Applications/CMake.app/Contents/bin/cmake -E cmake_link_script CMakeFiles/cmTC_17b72.dir/link.txt --verbose=1
/usr/local/Cellar/gcc48/4.8.2/bin/g++     -Wl,-search_paths_first -Wl,-headerpad_max_install_names   CMakeFiles/cmTC_17b72.dir/testCXXCompiler.cxx.o  -o cmTC_17b72  


Detecting CXX compiler ABI info compiled with the following output:
Change Dir: /Users/m/src/vtk_qt5_osxhelper_build/CMakeFiles/CMakeTmp

Run Build Command:"/usr/bin/make" "cmTC_6cbbe/fast"
/Applications/Xcode.app/Contents/Developer/usr/bin/make -f CMakeFiles/cmTC_6cbbe.dir/build.make CMakeFiles/cmTC_6cbbe.dir/build
Building CXX object CMakeFiles/cmTC_6cbbe.dir/CMakeCXXCompilerABI.cpp.o
/usr/local/Cellar/gcc48/4.8.2/bin/g++     -o CMakeFiles/cmTC_6cbbe.dir/CMakeCXXCompilerABI.cpp.o -c /Applications/CMake.app/Contents/share/cmake-3.3/Modules/CMakeCXXCompilerABI.cpp
Linking CXX executable cmTC_6cbbe
/Applications/CMake.app/Contents/bin/cmake -E cmake_link_script CMakeFiles/cmTC_6cbbe.dir/link.txt --verbose=1
/usr/local/Cellar/gcc48/4.8.2/bin/g++     -Wl,-search_paths_first -Wl,-headerpad_max_install_names  -v -Wl,-v CMakeFiles/cmTC_6cbbe.dir/CMakeCXXCompilerABI.cpp.o  -o cmTC_6cbbe   
Using built-in specs.
COLLECT_GCC=/usr/local/Cellar/gcc48/4.8.2/bin/g++
COLLECT_LTO_WRAPPER=/usr/local/Cellar/gcc48/4.8.2/libexec/gcc/x86_64-apple-darwin13.0.2/4.8.2/lto-wrapper
Target: x86_64-apple-darwin13.0.2
Configured with: ../configure --build=x86_64-apple-darwin13.0.2 --prefix=/usr/local/Cellar/gcc48/4.8.2 --enable-languages=c,c++,objc,obj-c++ --program-suffix=-4.8 --with-gmp=/usr/local/opt/gmp4 --with-mpfr=/usr/local/opt/mpfr2 --with-mpc=/usr/local/opt/libmpc08 --with-cloog=/usr/local/opt/cloog018 --with-isl=/usr/local/opt/isl011 --with-system-zlib --enable-version-specific-runtime-libs --enable-libstdcxx-time=yes --enable-stage1-checking --enable-checking=release --enable-lto --disable-werror --enable-plugin --disable-nls --disable-multilib
Thread model: posix
gcc version 4.8.2 (GCC) 
COMPILER_PATH=/usr/local/Cellar/gcc48/4.8.2/libexec/gcc/x86_64-apple-darwin13.0.2/4.8.2/:/usr/local/Cellar/gcc48/4.8.2/libexec/gcc/x86_64-apple-darwin13.0.2/4.8.2/:/usr/local/Cellar/gcc48/4.8.2/libexec/gcc/x86_64-apple-darwin13.0.2/:/usr/local/Cellar/gcc48/4.8.2/lib/gcc/x86_64-apple-darwin13.0.2/4.8.2/:/usr/local/Cellar/gcc48/4.8.2/lib/gcc/x86_64-apple-darwin13.0.2/
LIBRARY_PATH=/usr/local/Cellar/gcc48/4.8.2/lib/gcc/x86_64-apple-darwin13.0.2/4.8.2/:/usr/local/Cellar/gcc48/4.8.2/lib/gcc/x86_64-apple-darwin13.0.2/4.8.2/../../../:/usr/lib/
COLLECT_GCC_OPTIONS='-mmacosx-version-min=10.9.4' '-v' '-o' 'cmTC_6cbbe' '-shared-libgcc' '-mtune=core2'
 /usr/local/Cellar/gcc48/4.8.2/libexec/gcc/x86_64-apple-darwin13.0.2/4.8.2/collect2 -dynamic -arch x86_64 -macosx_version_min 10.9.4 -weak_reference_mismatches non-weak -o cmTC_6cbbe -L/usr/local/Cellar/gcc48/4.8.2/lib/gcc/x86_64-apple-darwin13.0.2/4.8.2 -L/usr/local/Cellar/gcc48/4.8.2/lib/gcc/x86_64-apple-darwin13.0.2/4.8.2/../../.. -search_paths_first -headerpad_max_install_names -v CMakeFiles/cmTC_6cbbe.dir/CMakeCXXCompilerABI.cpp.o -lstdc++ -no_compact_unwind -lSystem -lgcc_ext.10.5 -lgcc -lSystem -v
collect2 version 4.8.2
/usr/bin/ld -dynamic -arch x86_64 -macosx_version_min 10.9.4 -weak_reference_mismatches non-weak -o cmTC_6cbbe -L/usr/local/Cellar/gcc48/4.8.2/lib/gcc/x86_64-apple-darwin13.0.2/4.8.2 -L/usr/local/Cellar/gcc48/4.8.2/lib/gcc/x86_64-apple-darwin13.0.2/4.8.2/../../.. -search_paths_first -headerpad_max_install_names -v CMakeFiles/cmTC_6cbbe.dir/CMakeCXXCompilerABI.cpp.o -lstdc++ -no_compact_unwind -lSystem -lgcc_ext.10.5 -lgcc -lSystem -v
@(#)PROGRAM:ld  PROJECT:ld64-241.9
configured to support archs: armv6 armv7 armv7s arm64 i386 x86_64 x86_64h armv6m armv7m armv7em
@(#)PROGRAM:ld  PROJECT:ld64-241.9
configured to support archs: armv6 armv7 armv7s arm64 i386 x86_64 x86_64h armv6m armv7m armv7em
Library search paths:
	/usr/local/Cellar/gcc48/4.8.2/lib/gcc/x86_64-apple-darwin13.0.2/4.8.2
	/usr/local/Cellar/gcc48/4.8.2/lib
	/usr/lib
	/usr/local/lib
Framework search paths:
	/Library/Frameworks/
	/System/Library/Frameworks/


Parsed CXX implicit link information from above output:
  link line regex: [^( *|.*[/\])(ld|([^/\]+-)?ld|collect2)[^/\]*( |$)]
  ignore line: [Change Dir: /Users/m/src/vtk_qt5_osxhelper_build/CMakeFiles/CMakeTmp]
  ignore line: []
  ignore line: [Run Build Command:"/usr/bin/make" "cmTC_6cbbe/fast"]
  ignore line: [/Applications/Xcode.app/Contents/Developer/usr/bin/make -f CMakeFiles/cmTC_6cbbe.dir/build.make CMakeFiles/cmTC_6cbbe.dir/build]
  ignore line: [Building CXX object CMakeFiles/cmTC_6cbbe.dir/CMakeCXXCompilerABI.cpp.o]
  ignore line: [/usr/local/Cellar/gcc48/4.8.2/bin/g++     -o CMakeFiles/cmTC_6cbbe.dir/CMakeCXXCompilerABI.cpp.o -c /Applications/CMake.app/Contents/share/cmake-3.3/Modules/CMakeCXXCompilerABI.cpp]
  ignore line: [Linking CXX executable cmTC_6cbbe]
  ignore line: [/Applications/CMake.app/Contents/bin/cmake -E cmake_link_script CMakeFiles/cmTC_6cbbe.dir/link.txt --verbose=1]
  ignore line: [/usr/local/Cellar/gcc48/4.8.2/bin/g++     -Wl,-search_paths_first -Wl,-headerpad_max_install_names  -v -Wl,-v CMakeFiles/cmTC_6cbbe.dir/CMakeCXXCompilerABI.cpp.o  -o cmTC_6cbbe   ]
  ignore line: [Using built-in specs.]
  ignore line: [COLLECT_GCC=/usr/local/Cellar/gcc48/4.8.2/bin/g++]
  ignore line: [COLLECT_LTO_WRAPPER=/usr/local/Cellar/gcc48/4.8.2/libexec/gcc/x86_64-apple-darwin13.0.2/4.8.2/lto-wrapper]
  ignore line: [Target: x86_64-apple-darwin13.0.2]
  ignore line: [Configured with: ../configure --build=x86_64-apple-darwin13.0.2 --prefix=/usr/local/Cellar/gcc48/4.8.2 --enable-languages=c,c++,objc,obj-c++ --program-suffix=-4.8 --with-gmp=/usr/local/opt/gmp4 --with-mpfr=/usr/local/opt/mpfr2 --with-mpc=/usr/local/opt/libmpc08 --with-cloog=/usr/local/opt/cloog018 --with-isl=/usr/local/opt/isl011 --with-system-zlib --enable-version-specific-runtime-libs --enable-libstdcxx-time=yes --enable-stage1-checking --enable-checking=release --enable-lto --disable-werror --enable-plugin --disable-nls --disable-multilib]
  ignore line: [Thread model: posix]
  ignore line: [gcc version 4.8.2 (GCC) ]
  ignore line: [COMPILER_PATH=/usr/local/Cellar/gcc48/4.8.2/libexec/gcc/x86_64-apple-darwin13.0.2/4.8.2/:/usr/local/Cellar/gcc48/4.8.2/libexec/gcc/x86_64-apple-darwin13.0.2/4.8.2/:/usr/local/Cellar/gcc48/4.8.2/libexec/gcc/x86_64-apple-darwin13.0.2/:/usr/local/Cellar/gcc48/4.8.2/lib/gcc/x86_64-apple-darwin13.0.2/4.8.2/:/usr/local/Cellar/gcc48/4.8.2/lib/gcc/x86_64-apple-darwin13.0.2/]
  ignore line: [LIBRARY_PATH=/usr/local/Cellar/gcc48/4.8.2/lib/gcc/x86_64-apple-darwin13.0.2/4.8.2/:/usr/local/Cellar/gcc48/4.8.2/lib/gcc/x86_64-apple-darwin13.0.2/4.8.2/../../../:/usr/lib/]
  ignore line: [COLLECT_GCC_OPTIONS='-mmacosx-version-min=10.9.4' '-v' '-o' 'cmTC_6cbbe' '-shared-libgcc' '-mtune=core2']
  link line: [ /usr/local/Cellar/gcc48/4.8.2/libexec/gcc/x86_64-apple-darwin13.0.2/4.8.2/collect2 -dynamic -arch x86_64 -macosx_version_min 10.9.4 -weak_reference_mismatches non-weak -o cmTC_6cbbe -L/usr/local/Cellar/gcc48/4.8.2/lib/gcc/x86_64-apple-darwin13.0.2/4.8.2 -L/usr/local/Cellar/gcc48/4.8.2/lib/gcc/x86_64-apple-darwin13.0.2/4.8.2/../../.. -search_paths_first -headerpad_max_install_names -v CMakeFiles/cmTC_6cbbe.dir/CMakeCXXCompilerABI.cpp.o -lstdc++ -no_compact_unwind -lSystem -lgcc_ext.10.5 -lgcc -lSystem -v]
    arg [/usr/local/Cellar/gcc48/4.8.2/libexec/gcc/x86_64-apple-darwin13.0.2/4.8.2/collect2] ==> ignore
    arg [-dynamic] ==> ignore
    arg [-arch] ==> ignore
    arg [x86_64] ==> ignore
    arg [-macosx_version_min] ==> ignore
    arg [10.9.4] ==> ignore
    arg [-weak_reference_mismatches] ==> ignore
    arg [non-weak] ==> ignore
    arg [-o] ==> ignore
    arg [cmTC_6cbbe] ==> ignore
    arg [-L/usr/local/Cellar/gcc48/4.8.2/lib/gcc/x86_64-apple-darwin13.0.2/4.8.2] ==> dir [/usr/local/Cellar/gcc48/4.8.2/lib/gcc/x86_64-apple-darwin13.0.2/4.8.2]
    arg [-L/usr/local/Cellar/gcc48/4.8.2/lib/gcc/x86_64-apple-darwin13.0.2/4.8.2/../../..] ==> dir [/usr/local/Cellar/gcc48/4.8.2/lib/gcc/x86_64-apple-darwin13.0.2/4.8.2/../../..]
    arg [-search_paths_first] ==> ignore
    arg [-headerpad_max_install_names] ==> ignore
    arg [-v] ==> ignore
    arg [CMakeFiles/cmTC_6cbbe.dir/CMakeCXXCompilerABI.cpp.o] ==> ignore
    arg [-lstdc++] ==> lib [stdc++]
    arg [-no_compact_unwind] ==> ignore
    arg [-lSystem] ==> lib [System]
    arg [-lgcc_ext.10.5] ==> lib [gcc_ext.10.5]
    arg [-lgcc] ==> lib [gcc]
    arg [-lSystem] ==> lib [System]
    arg [-v] ==> ignore
  Library search paths: [;/usr/local/Cellar/gcc48/4.8.2/lib/gcc/x86_64-apple-darwin13.0.2/4.8.2;/usr/local/Cellar/gcc48/4.8.2/lib;/usr/lib;/usr/local/lib]
  Framework search paths: [;/Library/Frameworks/;/System/Library/Frameworks/]
  remove lib [System]
  remove lib [gcc_ext.10.5]
  remove lib [gcc]
  remove lib [System]
  collapse library dir [/usr/local/Cellar/gcc48/4.8.2/lib/gcc/x86_64-apple-darwin13.0.2/4.8.2] ==> [/usr/local/Cellar/gcc48/4.8.2/lib/gcc/x86_64-apple-darwin13.0.2/4.8.2]
  collapse library dir [/usr/local/Cellar/gcc48/4.8.2/lib/gcc/x86_64-apple-darwin13.0.2/4.8.2/../../..] ==> [/usr/local/Cellar/gcc48/4.8.2/lib]
  collapse library dir [/usr/local/Cellar/gcc48/4.8.2/lib/gcc/x86_64-apple-darwin13.0.2/4.8.2] ==> [/usr/local/Cellar/gcc48/4.8.2/lib/gcc/x86_64-apple-darwin13.0.2/4.8.2]
  collapse library dir [/usr/local/Cellar/gcc48/4.8.2/lib] ==> [/usr/local/Cellar/gcc48/4.8.2/lib]
  collapse library dir [/usr/lib] ==> [/usr/lib]
  collapse library dir [/usr/local/lib] ==> [/usr/local/lib]
  collapse framework dir [/Library/Frameworks/] ==> [/Library/Frameworks]
  collapse framework dir [/System/Library/Frameworks/] ==> [/System/Library/Frameworks]
  implicit libs: [stdc++]
  implicit dirs: [/usr/local/Cellar/gcc48/4.8.2/lib/gcc/x86_64-apple-darwin13.0.2/4.8.2;/usr/local/Cellar/gcc48/4.8.2/lib;/usr/lib;/usr/local/lib]
  implicit fwks: [/Library/Frameworks;/System/Library/Frameworks]




Detecting CXX [-std=c++1y] compiler features compiled with the following output:
Change Dir: /Users/m/src/vtk_qt5_osxhelper_build/CMakeFiles/CMakeTmp

Run Build Command:"/usr/bin/make" "cmTC_fe82d/fast"
/Applications/Xcode.app/Contents/Developer/usr/bin/make -f CMakeFiles/cmTC_fe82d.dir/build.make CMakeFiles/cmTC_fe82d.dir/build
Building CXX object CMakeFiles/cmTC_fe82d.dir/feature_tests.cxx.o
/usr/local/Cellar/gcc48/4.8.2/bin/g++    -std=c++1y -o CMakeFiles/cmTC_fe82d.dir/feature_tests.cxx.o -c /Users/m/src/vtk_qt5_osxhelper_build/CMakeFiles/feature_tests.cxx
Linking CXX executable cmTC_fe82d
/Applications/CMake.app/Contents/bin/cmake -E cmake_link_script CMakeFiles/cmTC_fe82d.dir/link.txt --verbose=1
/usr/local/Cellar/gcc48/4.8.2/bin/g++     -Wl,-search_paths_first -Wl,-headerpad_max_install_names   CMakeFiles/cmTC_fe82d.dir/feature_tests.cxx.o  -o cmTC_fe82d  


    Feature record: CXX_FEATURE:0cxx_aggregate_default_initializers
    Feature record: CXX_FEATURE:1cxx_alias_templates
    Feature record: CXX_FEATURE:1cxx_alignas
    Feature record: CXX_FEATURE:1cxx_alignof
    Feature record: CXX_FEATURE:1cxx_attributes
    Feature record: CXX_FEATURE:0cxx_attribute_deprecated
    Feature record: CXX_FEATURE:1cxx_auto_type
    Feature record: CXX_FEATURE:0cxx_binary_literals
    Feature record: CXX_FEATURE:1cxx_constexpr
    Feature record: CXX_FEATURE:0cxx_contextual_conversions
    Feature record: CXX_FEATURE:1cxx_decltype
    Feature record: CXX_FEATURE:0cxx_decltype_auto
    Feature record: CXX_FEATURE:1cxx_decltype_incomplete_return_types
    Feature record: CXX_FEATURE:1cxx_default_function_template_args
    Feature record: CXX_FEATURE:1cxx_defaulted_functions
    Feature record: CXX_FEATURE:1cxx_defaulted_move_initializers
    Feature record: CXX_FEATURE:1cxx_delegating_constructors
    Feature record: CXX_FEATURE:1cxx_deleted_functions
    Feature record: CXX_FEATURE:0cxx_digit_separators
    Feature record: CXX_FEATURE:1cxx_enum_forward_declarations
    Feature record: CXX_FEATURE:1cxx_explicit_conversions
    Feature record: CXX_FEATURE:1cxx_extended_friend_declarations
    Feature record: CXX_FEATURE:1cxx_extern_templates
    Feature record: CXX_FEATURE:1cxx_final
    Feature record: CXX_FEATURE:1cxx_func_identifier
    Feature record: CXX_FEATURE:1cxx_generalized_initializers
    Feature record: CXX_FEATURE:0cxx_generic_lambdas
    Feature record: CXX_FEATURE:1cxx_inheriting_constructors
    Feature record: CXX_FEATURE:1cxx_inline_namespaces
    Feature record: CXX_FEATURE:1cxx_lambdas
    Feature record: CXX_FEATURE:0cxx_lambda_init_captures
    Feature record: CXX_FEATURE:1cxx_local_type_template_args
    Feature record: CXX_FEATURE:1cxx_long_long_type
    Feature record: CXX_FEATURE:1cxx_noexcept
    Feature record: CXX_FEATURE:1cxx_nonstatic_member_init
    Feature record: CXX_FEATURE:1cxx_nullptr
    Feature record: CXX_FEATURE:1cxx_override
    Feature record: CXX_FEATURE:1cxx_range_for
    Feature record: CXX_FEATURE:1cxx_raw_string_literals
    Feature record: CXX_FEATURE:1cxx_reference_qualified_functions
    Feature record: CXX_FEATURE:0cxx_relaxed_constexpr
    Feature record: CXX_FEATURE:0cxx_return_type_deduction
    Feature record: CXX_FEATURE:1cxx_right_angle_brackets
    Feature record: CXX_FEATURE:1cxx_rvalue_references
    Feature record: CXX_FEATURE:1cxx_sizeof_member
    Feature record: CXX_FEATURE:1cxx_static_assert
    Feature record: CXX_FEATURE:1cxx_strong_enums
    Feature record: CXX_FEATURE:1cxx_template_template_parameters
    Feature record: CXX_FEATURE:1cxx_thread_local
    Feature record: CXX_FEATURE:1cxx_trailing_return_types
    Feature record: CXX_FEATURE:1cxx_unicode_literals
    Feature record: CXX_FEATURE:1cxx_uniform_initialization
    Feature record: CXX_FEATURE:1cxx_unrestricted_unions
    Feature record: CXX_FEATURE:1cxx_user_literals
    Feature record: CXX_FEATURE:0cxx_variable_templates
    Feature record: CXX_FEATURE:1cxx_variadic_macros
    Feature record: CXX_FEATURE:1cxx_variadic_templates


Detecting CXX [-std=c++11] compiler features compiled with the following output:
Change Dir: /Users/m/src/vtk_qt5_osxhelper_build/CMakeFiles/CMakeTmp

Run Build Command:"/usr/bin/make" "cmTC_f7453/fast"
/Applications/Xcode.app/Contents/Developer/usr/bin/make -f CMakeFiles/cmTC_f7453.dir/build.make CMakeFiles/cmTC_f7453.dir/build
Building CXX object CMakeFiles/cmTC_f7453.dir/feature_tests.cxx.o
/usr/local/Cellar/gcc48/4.8.2/bin/g++    -std=c++11 -o CMakeFiles/cmTC_f7453.dir/feature_tests.cxx.o -c /Users/m/src/vtk_qt5_osxhelper_build/CMakeFiles/feature_tests.cxx
Linking CXX executable cmTC_f7453
/Applications/CMake.app/Contents/bin/cmake -E cmake_link_script CMakeFiles/cmTC_f7453.dir/link.txt --verbose=1
/usr/local/Cellar/gcc48/4.8.2/bin/g++     -Wl,-search_paths_first -Wl,-headerpad_max_install_names   CMakeFiles/cmTC_f7453.dir/feature_tests.cxx.o  -o cmTC_f7453  


    Feature record: CXX_FEATURE:0cxx_aggregate_default_initializers
    Feature record: CXX_FEATURE:1cxx_alias_templates
    Feature record: CXX_FEATURE:1cxx_alignas
    Feature record: CXX_FEATURE:1cxx_alignof
    Feature record: CXX_FEATURE:1cxx_attributes
    Feature record: CXX_FEATURE:0cxx_attribute_deprecated
    Feature record: CXX_FEATURE:1cxx_auto_type
    Feature record: CXX_FEATURE:0cxx_binary_literals
    Feature record: CXX_FEATURE:1cxx_constexpr
    Feature record: CXX_FEATURE:0cxx_contextual_conversions
    Feature record: CXX_FEATURE:1cxx_decltype
    Feature record: CXX_FEATURE:0cxx_decltype_auto
    Feature record: CXX_FEATURE:1cxx_decltype_incomplete_return_types
    Feature record: CXX_FEATURE:1cxx_default_function_template_args
    Feature record: CXX_FEATURE:1cxx_defaulted_functions
    Feature record: CXX_FEATURE:1cxx_defaulted_move_initializers
    Feature record: CXX_FEATURE:1cxx_delegating_constructors
    Feature record: CXX_FEATURE:1cxx_deleted_functions
    Feature record: CXX_FEATURE:0cxx_digit_separators
    Feature record: CXX_FEATURE:1cxx_enum_forward_declarations
    Feature record: CXX_FEATURE:1cxx_explicit_conversions
    Feature record: CXX_FEATURE:1cxx_extended_friend_declarations
    Feature record: CXX_FEATURE:1cxx_extern_templates
    Feature record: CXX_FEATURE:1cxx_final
    Feature record: CXX_FEATURE:1cxx_func_identifier
    Feature record: CXX_FEATURE:1cxx_generalized_initializers
    Feature record: CXX_FEATURE:0cxx_generic_lambdas
    Feature record: CXX_FEATURE:1cxx_inheriting_constructors
    Feature record: CXX_FEATURE:1cxx_inline_namespaces
    Feature record: CXX_FEATURE:1cxx_lambdas
    Feature record: CXX_FEATURE:0cxx_lambda_init_captures
    Feature record: CXX_FEATURE:1cxx_local_type_template_args
    Feature record: CXX_FEATURE:1cxx_long_long_type
    Feature record: CXX_FEATURE:1cxx_noexcept
    Feature record: CXX_FEATURE:1cxx_nonstatic_member_init
    Feature record: CXX_FEATURE:1cxx_nullptr
    Feature record: CXX_FEATURE:1cxx_override
    Feature record: CXX_FEATURE:1cxx_range_for
    Feature record: CXX_FEATURE:1cxx_raw_string_literals
    Feature record: CXX_FEATURE:1cxx_reference_qualified_functions
    Feature record: CXX_FEATURE:0cxx_relaxed_constexpr
    Feature record: CXX_FEATURE:0cxx_return_type_deduction
    Feature record: CXX_FEATURE:1cxx_right_angle_brackets
    Feature record: CXX_FEATURE:1cxx_rvalue_references
    Feature record: CXX_FEATURE:1cxx_sizeof_member
    Feature record: CXX_FEATURE:1cxx_static_assert
    Feature record: CXX_FEATURE:1cxx_strong_enums
    Feature record: CXX_FEATURE:1cxx_template_template_parameters
    Feature record: CXX_FEATURE:1cxx_thread_local
    Feature record: CXX_FEATURE:1cxx_trailing_return_types
    Feature record: CXX_FEATURE:1cxx_unicode_literals
    Feature record: CXX_FEATURE:1cxx_uniform_initialization
    Feature record: CXX_FEATURE:1cxx_unrestricted_unions
    Feature record: CXX_FEATURE:1cxx_user_literals
    Feature record: CXX_FEATURE:0cxx_variable_templates
    Feature record: CXX_FEATURE:1cxx_variadic_macros
    Feature record: CXX_FEATURE:1cxx_variadic_templates


Detecting CXX [-std=c++98] compiler features compiled with the following output:
Change Dir: /Users/m/src/vtk_qt5_osxhelper_build/CMakeFiles/CMakeTmp

Run Build Command:"/usr/bin/make" "cmTC_49555/fast"
/Applications/Xcode.app/Contents/Developer/usr/bin/make -f CMakeFiles/cmTC_49555.dir/build.make CMakeFiles/cmTC_49555.dir/build
Building CXX object CMakeFiles/cmTC_49555.dir/feature_tests.cxx.o
/usr/local/Cellar/gcc48/4.8.2/bin/g++    -std=c++98 -o CMakeFiles/cmTC_49555.dir/feature_tests.cxx.o -c /Users/m/src/vtk_qt5_osxhelper_build/CMakeFiles/feature_tests.cxx
Linking CXX executable cmTC_49555
/Applications/CMake.app/Contents/bin/cmake -E cmake_link_script CMakeFiles/cmTC_49555.dir/link.txt --verbose=1
/usr/local/Cellar/gcc48/4.8.2/bin/g++     -Wl,-search_paths_first -Wl,-headerpad_max_install_names   CMakeFiles/cmTC_49555.dir/feature_tests.cxx.o  -o cmTC_49555  


    Feature record: CXX_FEATURE:0cxx_aggregate_default_initializers
    Feature record: CXX_FEATURE:0cxx_alias_templates
    Feature record: CXX_FEATURE:0cxx_alignas
    Feature record: CXX_FEATURE:0cxx_alignof
    Feature record: CXX_FEATURE:0cxx_attributes
    Feature record: CXX_FEATURE:0cxx_attribute_deprecated
    Feature record: CXX_FEATURE:0cxx_auto_type
    Feature record: CXX_FEATURE:0cxx_binary_literals
    Feature record: CXX_FEATURE:0cxx_constexpr
    Feature record: CXX_FEATURE:0cxx_contextual_conversions
    Feature record: CXX_FEATURE:0cxx_decltype
    Feature record: CXX_FEATURE:0cxx_decltype_auto
    Feature record: CXX_FEATURE:0cxx_decltype_incomplete_return_types
    Feature record: CXX_FEATURE:0cxx_default_function_template_args
    Feature record: CXX_FEATURE:0cxx_defaulted_functions
    Feature record: CXX_FEATURE:0cxx_defaulted_move_initializers
    Feature record: CXX_FEATURE:0cxx_delegating_constructors
    Feature record: CXX_FEATURE:0cxx_deleted_functions
    Feature record: CXX_FEATURE:0cxx_digit_separators
    Feature record: CXX_FEATURE:0cxx_enum_forward_declarations
    Feature record: CXX_FEATURE:0cxx_explicit_conversions
    Feature record: CXX_FEATURE:0cxx_extended_friend_declarations
    Feature record: CXX_FEATURE:0cxx_extern_templates
    Feature record: CXX_FEATURE:0cxx_final
    Feature record: CXX_FEATURE:0cxx_func_identifier
    Feature record: CXX_FEATURE:0cxx_generalized_initializers
    Feature record: CXX_FEATURE:0cxx_generic_lambdas
    Feature record: CXX_FEATURE:0cxx_inheriting_constructors
    Feature record: CXX_FEATURE:0cxx_inline_namespaces
    Feature record: CXX_FEATURE:0cxx_lambdas
    Feature record: CXX_FEATURE:0cxx_lambda_init_captures
    Feature record: CXX_FEATURE:0cxx_local_type_template_args
    Feature record: CXX_FEATURE:0cxx_long_long_type
    Feature record: CXX_FEATURE:0cxx_noexcept
    Feature record: CXX_FEATURE:0cxx_nonstatic_member_init
    Feature record: CXX_FEATURE:0cxx_nullptr
    Feature record: CXX_FEATURE:0cxx_override
    Feature record: CXX_FEATURE:0cxx_range_for
    Feature record: CXX_FEATURE:0cxx_raw_string_literals
    Feature record: CXX_FEATURE:0cxx_reference_qualified_functions
    Feature record: CXX_FEATURE:0cxx_relaxed_constexpr
    Feature record: CXX_FEATURE:0cxx_return_type_deduction
    Feature record: CXX_FEATURE:0cxx_right_angle_brackets
    Feature record: CXX_FEATURE:0cxx_rvalue_references
    Feature record: CXX_FEATURE:0cxx_sizeof_member
    Feature record: CXX_FEATURE:0cxx_static_assert
    Feature record: CXX_FEATURE:0cxx_strong_enums
    Feature record: CXX_FEATURE:1cxx_template_template_parameters
    Feature record: CXX_FEATURE:0cxx_thread_local
    Feature record: CXX_FEATURE:0cxx_trailing_return_types
    Feature record: CXX_FEATURE:0cxx_unicode_literals
    Feature record: CXX_FEATURE:0cxx_uniform_initialization
    Feature record: CXX_FEATURE:0cxx_unrestricted_unions
    Feature record: CXX_FEATURE:0cxx_user_literals
    Feature record: CXX_FEATURE:0cxx_variable_templates
    Feature record: CXX_FEATURE:0cxx_variadic_macros
    Feature record: CXX_FEATURE:0cxx_variadic_templates
